<?xml version='1.0' encoding='UTF-8'?>
<testsuite hostname="LAPTOP-13DDRV2R" name="Test2d" tests="5" errors="0" failures="0" skipped="0" time="0.039" timestamp="2021-02-02T22:44:32">
                     <properties>
[...]
</properties>
                     <testcase classname="Test2d" name="Point should move in" time="0.034">
                                                 
                                               </testcase><testcase classname="Test2d" name="Circle should move in" time="0.001">
                                                 
                                               </testcase><testcase classname="Test2d" name="Circle should report its area" time="0.002">
                                                 
                                               </testcase><testcase classname="Test2d" name="Rectangle should move in" time="0.002">
                                                 
                                               </testcase><testcase classname="Test2d" name="Rectangle should report its area" time="0.0">
                                                 
                                               </testcase>
                     <system-out><![CDATA[]]></system-out>
                     <system-err><![CDATA[]]></system-err>
                   </testsuite>